!SESSION 2014-12-29 11:40:36.961 -----------------------------------------------
eclipse.buildId=unknown
java.version=1.8.0_05
java.vendor=Oracle Corporation
BootLoader constants: OS=macosx, ARCH=x86_64, WS=cocoa, NL=en_US
Framework arguments:  -Dosgi.bundles=libs/org.apache.felix.gogo.command.jar@start,libs/org.apache.felix.gogo.runtime.jar@start,libs/org.apache.felix.gogo.shell.jar@start,libs/org.eclipse.equinox.console.jar@start -Declipse.ignoreApp=true
Command-line arguments:  -console -Dosgi.bundles=libs/org.apache.felix.gogo.command.jar@start,libs/org.apache.felix.gogo.runtime.jar@start,libs/org.apache.felix.gogo.shell.jar@start,libs/org.eclipse.equinox.console.jar@start -Declipse.ignoreApp=true

!ENTRY org.eclipse.osgi 4 0 2014-12-29 11:40:37.174
!MESSAGE Could not find bundle: org.eclipse.equinox.console
!STACK 0
org.osgi.framework.BundleException: Could not find bundle: org.eclipse.equinox.console
	at org.eclipse.core.runtime.internal.adaptor.ConsoleManager.checkForConsoleBundle(ConsoleManager.java:58)
	at org.eclipse.core.runtime.adaptor.EclipseStarter.startup(EclipseStarter.java:331)
	at org.eclipse.core.runtime.adaptor.EclipseStarter.run(EclipseStarter.java:231)
	at org.eclipse.core.runtime.adaptor.EclipseStarter.main(EclipseStarter.java:208)

!ENTRY org.eclipse.osgi 4 0 2014-12-29 11:40:37.184
!MESSAGE Application error
!STACK 1
java.lang.IllegalStateException: Unable to acquire application service. Ensure that the org.eclipse.core.runtime bundle is resolved and started (see config.ini).
	at org.eclipse.core.runtime.internal.adaptor.EclipseAppLauncher.start(EclipseAppLauncher.java:78)
	at org.eclipse.core.runtime.adaptor.EclipseStarter.run(EclipseStarter.java:380)
	at org.eclipse.core.runtime.adaptor.EclipseStarter.run(EclipseStarter.java:235)
	at org.eclipse.core.runtime.adaptor.EclipseStarter.main(EclipseStarter.java:208)
