!SESSION 2014-12-29 13:44:12.058 -----------------------------------------------
eclipse.buildId=unknown
java.version=1.8.0_05
java.vendor=Oracle Corporation
BootLoader constants: OS=macosx, ARCH=x86_64, WS=cocoa, NL=en_US
Command-line arguments:  -console -configuration configuration

!ENTRY 002-export-packages.002-user-manager-consumer 4 0 2014-12-29 13:44:12.276
!MESSAGE FrameworkEvent ERROR
!STACK 0
org.osgi.framework.BundleException: Could not resolve module: 002-export-packages.002-user-manager-consumer [6]
  Unresolved requirement: Import-Package: com.liferay.osgi.workshop.user.manager.provider

	at org.eclipse.osgi.container.Module.start(Module.java:434)
	at org.eclipse.osgi.container.ModuleContainer$ContainerStartLevel.incStartLevel(ModuleContainer.java:1582)
	at org.eclipse.osgi.container.ModuleContainer$ContainerStartLevel.incStartLevel(ModuleContainer.java:1562)
	at org.eclipse.osgi.container.ModuleContainer$ContainerStartLevel.doContainerStartLevel(ModuleContainer.java:1533)
	at org.eclipse.osgi.container.SystemModule.startWorker(SystemModule.java:242)
	at org.eclipse.osgi.container.Module.doStart(Module.java:571)
	at org.eclipse.osgi.container.Module.start(Module.java:439)
	at org.eclipse.osgi.container.SystemModule.start(SystemModule.java:172)
	at org.eclipse.osgi.internal.framework.EquinoxBundle.start(EquinoxBundle.java:392)
	at org.eclipse.osgi.internal.framework.EquinoxBundle.start(EquinoxBundle.java:411)
	at org.eclipse.osgi.launch.Equinox.start(Equinox.java:115)
	at org.eclipse.core.runtime.adaptor.EclipseStarter.startup(EclipseStarter.java:318)
	at org.eclipse.core.runtime.adaptor.EclipseStarter.run(EclipseStarter.java:231)
	at org.eclipse.core.runtime.adaptor.EclipseStarter.main(EclipseStarter.java:208)
